<?xml version="1.0" encoding="UTF-8"?>
<!-- Generated by org.testng.reporters.JUnitReportReporter -->
<testsuite skipped="0" hostname="DESKTOP-3857JFS" name="sampleBose.NewTest" tests="1" failures="0" timestamp="30 Mar 2020 15:40:04 GMT" time="0.016" errors="0">
  <testcase name="f" time="0.016" classname="sampleBose.NewTest"/>
</testsuite> <!-- sampleBose.NewTest -->
