<?xml version="1.0" encoding="UTF-8"?>
<!-- Generated by org.testng.reporters.JUnitReportReporter -->
<testsuite skipped="0" hostname="DESKTOP-3857JFS" name="com.makemytrip.helpers.BrowserLaunch" tests="1" failures="0" timestamp="30 Mar 2020 17:22:20 GMT" time="34.166" errors="0">
  <testcase name="hloMoto" time="34.166" classname="com.makemytrip.helpers.BrowserLaunch"/>
</testsuite> <!-- com.makemytrip.helpers.BrowserLaunch -->
